<?xml version="1.0" encoding="UTF-8"?><testsuite errors="1" failures="0" name="Crear prestador en OHI" skipped="0" tests="3" time="9.27" timestamp="2021-04-10 02:02:53"><testcase name=": Consultar prestadores en OHI"/><testcase name="Crear prestador natural en OHI"><error message="Step [se crea el nuevo prestador {string} de tipo {word}] is defined with 1 parameters at 'stepdefinitions.CrearPrestadorStepDefinitions.crearPrestador(java.lang.String)'.&#10;However, the gherkin step has 2 arguments:&#10; * 'Salud Vida'&#10; * Natural&#10;Step text: se crea el nuevo prestador 'Salud Vida' de tipo Natural" type="io.cucumber.core.exception.CucumberException">Step [se crea el nuevo prestador {string} de tipo {word}] is defined with 1 parameters at 'stepdefinitions.CrearPrestadorStepDefinitions.crearPrestador(java.lang.String)'.
However, the gherkin step has 2 arguments:
 * 'Salud Vida'
 * Natural
Step text: se crea el nuevo prestador 'Salud Vida' de tipo Natural</error><system-err>Step [se crea el nuevo prestador {string} de tipo {word}] is defined with 1 parameters at 'stepdefinitions.CrearPrestadorStepDefinitions.crearPrestador(java.lang.String)'.
However, the gherkin step has 2 arguments:
 * 'Salud Vida'
 * Natural
Step text: se crea el nuevo prestador 'Salud Vida' de tipo Natural&#13;
io.cucumber.core.runner.PickleStepDefinitionMatch.arityMismatch(PickleStepDefinitionMatch.java:134)&#13;
io.cucumber.core.runner.PickleStepDefinitionMatch.runStep(PickleStepDefinitionMatch.java:42)&#13;
io.cucumber.core.runner.TestStep.executeStep(TestStep.java:64)&#13;
io.cucumber.core.runner.TestStep.run(TestStep.java:49)&#13;
io.cucumber.core.runner.PickleStepTestStep.run(PickleStepTestStep.java:46)&#13;
io.cucumber.core.runner.TestCase.run(TestCase.java:51)&#13;
io.cucumber.core.runner.Runner.runPickle(Runner.java:66)&#13;
io.cucumber.junit.FeatureRunner.runChild(FeatureRunner.java:83)&#13;
io.cucumber.junit.FeatureRunner.runChild(FeatureRunner.java:24)&#13;
io.cucumber.junit.CucumberSerenityRunner.runChild(CucumberSerenityRunner.java:227)&#13;
io.cucumber.junit.CucumberSerenityRunner.runChild(CucumberSerenityRunner.java:54)&#13;
</system-err></testcase></testsuite>